c:\users\xtia-pc\desktop\密码竞赛报名时间\第二轮要求\动态库\aigis_enc\aigis_enc\x64\release\vc141.pdb
c:\users\xtia-pc\desktop\密码竞赛报名时间\第二轮要求\动态库\aigis_enc\aigis_enc\x64\release\verify.obj
c:\users\xtia-pc\desktop\密码竞赛报名时间\第二轮要求\动态库\aigis_enc\aigis_enc\x64\release\rng.obj
c:\users\xtia-pc\desktop\密码竞赛报名时间\第二轮要求\动态库\aigis_enc\aigis_enc\x64\release\reduce.obj
c:\users\xtia-pc\desktop\密码竞赛报名时间\第二轮要求\动态库\aigis_enc\aigis_enc\x64\release\randombytes.obj
c:\users\xtia-pc\desktop\密码竞赛报名时间\第二轮要求\动态库\aigis_enc\aigis_enc\x64\release\precomp.obj
c:\users\xtia-pc\desktop\密码竞赛报名时间\第二轮要求\动态库\aigis_enc\aigis_enc\x64\release\polyvec.obj
c:\users\xtia-pc\desktop\密码竞赛报名时间\第二轮要求\动态库\aigis_enc\aigis_enc\x64\release\poly.obj
c:\users\xtia-pc\desktop\密码竞赛报名时间\第二轮要求\动态库\aigis_enc\aigis_enc\x64\release\owcpa.obj
c:\users\xtia-pc\desktop\密码竞赛报名时间\第二轮要求\动态库\aigis_enc\aigis_enc\x64\release\ntt.obj
c:\users\xtia-pc\desktop\密码竞赛报名时间\第二轮要求\动态库\aigis_enc\aigis_enc\x64\release\kem.obj
c:\users\xtia-pc\desktop\密码竞赛报名时间\第二轮要求\动态库\aigis_enc\aigis_enc\x64\release\keccakp-1600-times4-simd256.obj
c:\users\xtia-pc\desktop\密码竞赛报名时间\第二轮要求\动态库\aigis_enc\aigis_enc\x64\release\genmatrix.obj
c:\users\xtia-pc\desktop\密码竞赛报名时间\第二轮要求\动态库\aigis_enc\aigis_enc\x64\release\fips202x4.obj
c:\users\xtia-pc\desktop\密码竞赛报名时间\第二轮要求\动态库\aigis_enc\aigis_enc\x64\release\fips202.obj
c:\users\xtia-pc\desktop\密码竞赛报名时间\第二轮要求\动态库\aigis_enc\aigis_enc\x64\release\cbd.obj
c:\users\xtia-pc\desktop\密码竞赛报名时间\第二轮要求\动态库\aigis_enc\aigis_enc\x64\release\alg.obj
c:\users\xtia-pc\desktop\密码竞赛报名时间\第二轮要求\动态库\aigis_enc\aigis_enc\x64\release\aes.obj
c:\users\xtia-pc\desktop\密码竞赛报名时间\第二轮要求\动态库\aigis_enc\aigis_enc\x64\release\aigis_enc.tlog\cl.command.1.tlog
c:\users\xtia-pc\desktop\密码竞赛报名时间\第二轮要求\动态库\aigis_enc\aigis_enc\x64\release\aigis_enc.tlog\cl.read.1.tlog
c:\users\xtia-pc\desktop\密码竞赛报名时间\第二轮要求\动态库\aigis_enc\aigis_enc\x64\release\aigis_enc.tlog\cl.write.1.tlog
c:\users\xtia-pc\desktop\密码竞赛报名时间\第二轮要求\动态库\aigis_enc\aigis_enc\x64\release\aigis_enc.tlog\link.command.1.tlog
c:\users\xtia-pc\desktop\密码竞赛报名时间\第二轮要求\动态库\aigis_enc\aigis_enc\x64\release\aigis_enc.tlog\link.read.1.tlog
c:\users\xtia-pc\desktop\密码竞赛报名时间\第二轮要求\动态库\aigis_enc\aigis_enc\x64\release\aigis_enc.tlog\link.write.1.tlog
