e:\aigis\aigis-enc算法提交版\3.aigis-enc算法动态库源码_sha_aes\x64\release\alg.lib
e:\aigis\aigis-enc算法提交版\3.aigis-enc算法动态库源码_sha_aes\x64\release\alg.exp
e:\aigis\aigis-enc算法提交版\3.aigis-enc算法动态库源码_sha_aes\x64\release\alg.ipdb
e:\aigis\aigis-enc算法提交版\3.aigis-enc算法动态库源码_sha_aes\x64\release\alg.iobj
e:\aigis\aigis-enc算法提交版\3.aigis-enc算法动态库源码_sha_aes\aigis_enc\x64\release\vc141.pdb
e:\aigis\aigis-enc算法提交版\3.aigis-enc算法动态库源码_sha_aes\aigis_enc\x64\release\verify.obj
e:\aigis\aigis-enc算法提交版\3.aigis-enc算法动态库源码_sha_aes\aigis_enc\x64\release\rng.obj
e:\aigis\aigis-enc算法提交版\3.aigis-enc算法动态库源码_sha_aes\aigis_enc\x64\release\reduce.obj
e:\aigis\aigis-enc算法提交版\3.aigis-enc算法动态库源码_sha_aes\aigis_enc\x64\release\randombytes.obj
e:\aigis\aigis-enc算法提交版\3.aigis-enc算法动态库源码_sha_aes\aigis_enc\x64\release\precomp.obj
e:\aigis\aigis-enc算法提交版\3.aigis-enc算法动态库源码_sha_aes\aigis_enc\x64\release\polyvec.obj
e:\aigis\aigis-enc算法提交版\3.aigis-enc算法动态库源码_sha_aes\aigis_enc\x64\release\poly.obj
e:\aigis\aigis-enc算法提交版\3.aigis-enc算法动态库源码_sha_aes\aigis_enc\x64\release\owcpa.obj
e:\aigis\aigis-enc算法提交版\3.aigis-enc算法动态库源码_sha_aes\aigis_enc\x64\release\ntt.obj
e:\aigis\aigis-enc算法提交版\3.aigis-enc算法动态库源码_sha_aes\aigis_enc\x64\release\kem.obj
e:\aigis\aigis-enc算法提交版\3.aigis-enc算法动态库源码_sha_aes\aigis_enc\x64\release\sha512.obj
e:\aigis\aigis-enc算法提交版\3.aigis-enc算法动态库源码_sha_aes\aigis_enc\x64\release\sha256.obj
e:\aigis\aigis-enc算法提交版\3.aigis-enc算法动态库源码_sha_aes\aigis_enc\x64\release\keccakp-1600-times4-simd256.obj
e:\aigis\aigis-enc算法提交版\3.aigis-enc算法动态库源码_sha_aes\aigis_enc\x64\release\genmatrix.obj
e:\aigis\aigis-enc算法提交版\3.aigis-enc算法动态库源码_sha_aes\aigis_enc\x64\release\fips202x4.obj
e:\aigis\aigis-enc算法提交版\3.aigis-enc算法动态库源码_sha_aes\aigis_enc\x64\release\fips202.obj
e:\aigis\aigis-enc算法提交版\3.aigis-enc算法动态库源码_sha_aes\aigis_enc\x64\release\cbd.obj
e:\aigis\aigis-enc算法提交版\3.aigis-enc算法动态库源码_sha_aes\aigis_enc\x64\release\alg.obj
e:\aigis\aigis-enc算法提交版\3.aigis-enc算法动态库源码_sha_aes\aigis_enc\x64\release\aes256ctr.obj
e:\aigis\aigis-enc算法提交版\3.aigis-enc算法动态库源码_sha_aes\aigis_enc\x64\release\aes.obj
e:\aigis\aigis-enc算法提交版\3.aigis-enc算法动态库源码_sha_aes\x64\release\alg.dll
e:\aigis\aigis-enc算法提交版\3.aigis-enc算法动态库源码_sha_aes\x64\release\alg.pdb
e:\aigis\aigis-enc算法提交版\3.aigis-enc算法动态库源码_sha_aes\aigis_enc\x64\release\sha_256.obj
e:\aigis\aigis-enc算法提交版\3.aigis-enc算法动态库源码_sha_aes\aigis_enc\x64\release\sha_512.obj
e:\aigis\aigis-enc算法提交版\aigi-enc算法提交\参数集params i\3.aigis-enc算法动态库源码\aigis_enc\x64\release\aes.obj
e:\aigis\aigis-enc算法提交版\aigi-enc算法提交\参数集params i\3.aigis-enc算法动态库源码\aigis_enc\x64\release\aes256ctr.obj
e:\aigis\aigis-enc算法提交版\aigi-enc算法提交\参数集params i\3.aigis-enc算法动态库源码\aigis_enc\x64\release\alg.obj
e:\aigis\aigis-enc算法提交版\aigi-enc算法提交\参数集params i\3.aigis-enc算法动态库源码\aigis_enc\x64\release\cbd.obj
e:\aigis\aigis-enc算法提交版\aigi-enc算法提交\参数集params i\3.aigis-enc算法动态库源码\aigis_enc\x64\release\fips202.obj
e:\aigis\aigis-enc算法提交版\aigi-enc算法提交\参数集params i\3.aigis-enc算法动态库源码\aigis_enc\x64\release\fips202x4.obj
e:\aigis\aigis-enc算法提交版\aigi-enc算法提交\参数集params i\3.aigis-enc算法动态库源码\aigis_enc\x64\release\genmatrix.obj
e:\aigis\aigis-enc算法提交版\aigi-enc算法提交\参数集params i\3.aigis-enc算法动态库源码\aigis_enc\x64\release\keccakp-1600-times4-simd256.obj
e:\aigis\aigis-enc算法提交版\aigi-enc算法提交\参数集params i\3.aigis-enc算法动态库源码\aigis_enc\x64\release\kem.obj
e:\aigis\aigis-enc算法提交版\aigi-enc算法提交\参数集params i\3.aigis-enc算法动态库源码\aigis_enc\x64\release\ntt.obj
e:\aigis\aigis-enc算法提交版\aigi-enc算法提交\参数集params i\3.aigis-enc算法动态库源码\aigis_enc\x64\release\owcpa.obj
e:\aigis\aigis-enc算法提交版\aigi-enc算法提交\参数集params i\3.aigis-enc算法动态库源码\aigis_enc\x64\release\poly.obj
e:\aigis\aigis-enc算法提交版\aigi-enc算法提交\参数集params i\3.aigis-enc算法动态库源码\aigis_enc\x64\release\polyvec.obj
e:\aigis\aigis-enc算法提交版\aigi-enc算法提交\参数集params i\3.aigis-enc算法动态库源码\aigis_enc\x64\release\precomp.obj
e:\aigis\aigis-enc算法提交版\aigi-enc算法提交\参数集params i\3.aigis-enc算法动态库源码\aigis_enc\x64\release\randombytes.obj
e:\aigis\aigis-enc算法提交版\aigi-enc算法提交\参数集params i\3.aigis-enc算法动态库源码\aigis_enc\x64\release\reduce.obj
e:\aigis\aigis-enc算法提交版\aigi-enc算法提交\参数集params i\3.aigis-enc算法动态库源码\aigis_enc\x64\release\rng.obj
e:\aigis\aigis-enc算法提交版\aigi-enc算法提交\参数集params i\3.aigis-enc算法动态库源码\aigis_enc\x64\release\sha256.obj
e:\aigis\aigis-enc算法提交版\aigi-enc算法提交\参数集params i\3.aigis-enc算法动态库源码\aigis_enc\x64\release\sha512.obj
e:\aigis\aigis-enc算法提交版\aigi-enc算法提交\参数集params i\3.aigis-enc算法动态库源码\aigis_enc\x64\release\sha_256.obj
e:\aigis\aigis-enc算法提交版\aigi-enc算法提交\参数集params i\3.aigis-enc算法动态库源码\aigis_enc\x64\release\sha_512.obj
e:\aigis\aigis-enc算法提交版\aigi-enc算法提交\参数集params i\3.aigis-enc算法动态库源码\aigis_enc\x64\release\verify.obj
e:\aigis\aigis-enc算法提交版\aigi-enc算法提交\参数集params i\3.aigis-enc算法动态库源码\aigis_enc\x64\release\vc141.pdb
e:\aigis\aigis-enc算法提交版\aigi-enc算法提交\参数集params i\3.aigis-enc算法动态库源码\x64\release\alg.pdb
e:\aigis\aigis-enc算法提交版\aigi-enc算法提交\参数集params i\3.aigis-enc算法动态库源码\x64\release\alg.dll
e:\aigis\aigis-enc算法提交版\aigi-enc算法提交\参数集params i\3.aigis-enc算法动态库源码\aigis_enc\x64\release\aigis_enc.tlog\aigis_enc.write.1u.tlog
e:\aigis\aigis-enc算法提交版\aigi-enc算法提交\参数集params i\3.aigis-enc算法动态库源码\aigis_enc\x64\release\aigis_enc.tlog\cl.command.1.tlog
e:\aigis\aigis-enc算法提交版\aigi-enc算法提交\参数集params i\3.aigis-enc算法动态库源码\aigis_enc\x64\release\aigis_enc.tlog\cl.read.1.tlog
e:\aigis\aigis-enc算法提交版\aigi-enc算法提交\参数集params i\3.aigis-enc算法动态库源码\aigis_enc\x64\release\aigis_enc.tlog\cl.write.1.tlog
e:\aigis\aigis-enc算法提交版\aigi-enc算法提交\参数集params i\3.aigis-enc算法动态库源码\aigis_enc\x64\release\aigis_enc.tlog\link.command.1.tlog
e:\aigis\aigis-enc算法提交版\aigi-enc算法提交\参数集params i\3.aigis-enc算法动态库源码\aigis_enc\x64\release\aigis_enc.tlog\link.read.1.tlog
e:\aigis\aigis-enc算法提交版\aigi-enc算法提交\参数集params i\3.aigis-enc算法动态库源码\aigis_enc\x64\release\aigis_enc.tlog\link.write.1.tlog
e:\aigis\aigis-enc算法提交版\aigi-enc算法提交\参数集params i\3.aigis-enc算法动态库源码\aigis_enc\x64\release\aigis_enc.tlog\masm.read.1u.tlog
e:\aigis\aigis-enc算法提交版\aigi-enc算法提交\参数集params i\3.aigis-enc算法动态库源码\aigis_enc\x64\release\aigis_enc.tlog\masm.write.1u.tlog
